[17:13:11] [main/INFO]: Loading Minecraft 26.1.2 with Fabric Loader 0.19.2
[17:13:11] [main/INFO]: Mappings not present!
[17:13:11] [main/INFO]: Loading 4 mods:
	- fabricloader 0.19.2
	   \-- mixinextras 0.5.4
	- java 25
	- minecraft 26.1.2
[17:13:11] [main/INFO]: SpongePowered MIXIN Subsystem Version=0.8.7 Source=file:/C:/Users/ankit/Desktop/python/Learning/.minecraft/libraries/net/fabricmc/sponge-mixin/0.17.2+mixin.0.8.7/sponge-mixin-0.17.2+mixin.0.8.7.jar Service=Knot/Fabric Env=CLIENT
[17:13:12] [Datafixer Bootstrap/INFO]: 291 Datafixer optimizations took 314 milliseconds
[17:13:17] [main/WARN]: Invalid UUID: '
[17:13:17] [Render thread/INFO]: Environment: Environment[sessionHost=https://sessionserver.mojang.com, servicesHost=https://api.minecraftservices.com, profilesHost=https://api.mojang.com, name=PROD]
[17:13:17] [Render thread/INFO]: Setting user: con
[17:13:17] [Render thread/INFO]: Backend library: LWJGL version 3.4.1-snapshot
[17:13:18] [Download-2/ERROR]: Failed to fetch user properties
com.mojang.authlib.exceptions.InvalidCredentialsException: Status: 401
	at knot//com.mojang.authlib.exceptions.MinecraftClientHttpException.toAuthenticationException(MinecraftClientHttpException.java:59)
	at knot//com.mojang.authlib.yggdrasil.YggdrasilUserApiService.fetchProperties(YggdrasilUserApiService.java:150)
	at knot//net.minecraft.client.Minecraft.lambda$new$1(Minecraft.java:459)
	at java.base/java.util.concurrent.CompletableFuture$AsyncSupply.run(CompletableFuture.java:1789)
	at java.base/java.util.concurrent.ThreadPoolExecutor.runWorker(ThreadPoolExecutor.java:1090)
	at java.base/java.util.concurrent.ThreadPoolExecutor$Worker.run(ThreadPoolExecutor.java:614)
	at java.base/java.lang.Thread.run(Thread.java:1474)
Caused by: com.mojang.authlib.exceptions.MinecraftClientHttpException: Status: 401
	at knot//com.mojang.authlib.minecraft.client.MinecraftClient.readInputStream(MinecraftClient.java:103)
	at knot//com.mojang.authlib.minecraft.client.MinecraftClient.get(MinecraftClient.java:56)
	at knot//com.mojang.authlib.yggdrasil.YggdrasilUserApiService.fetchProperties(YggdrasilUserApiService.java:121)
	... 5 more
[17:13:18] [Render thread/INFO]: Using optional rendering extensions: GL_ARB_buffer_storage, GL_KHR_debug, GL_ARB_vertex_attrib_binding, GL_ARB_direct_state_access, GL_EXT_texture_filter_anisotropic
[17:13:18] [Render thread/INFO]: Reloading ResourceManager: vanilla
[17:13:19] [Worker-Main-7/INFO]: Found unifont_all_no_pua-17.0.01.hex, loading
[17:13:19] [Worker-Main-10/INFO]: Found unifont_pua-17.0.01.hex, loading
[17:13:19] [Worker-Main-6/INFO]: Found unifont_jp_patch-17.0.01.hex, loading
[17:13:19] [Download-2/INFO]: Could not authorize you against Realms server: javax.ws.rs.BadRequestException: Invalid session
[17:13:19] [Download-2/ERROR]: Failed to fetch Realms feature flags
com.mojang.realmsclient.exception.RealmsServiceException: Realms authentication error with message 'javax.ws.rs.BadRequestException: Invalid session'
	at knot//com.mojang.realmsclient.client.RealmsClient.execute(RealmsClient.java:526)
	at knot//com.mojang.realmsclient.client.RealmsClient.fetchFeatureFlags(RealmsClient.java:186)
	at java.base/java.util.concurrent.CompletableFuture$AsyncSupply.run(CompletableFuture.java:1789)
	at java.base/java.util.concurrent.ThreadPoolExecutor.runWorker(ThreadPoolExecutor.java:1090)
	at java.base/java.util.concurrent.ThreadPoolExecutor$Worker.run(ThreadPoolExecutor.java:614)
	at java.base/java.lang.Thread.run(Thread.java:1474)
[17:13:20] [Render thread/INFO]: OpenAL initialized on device OpenAL Soft on Speakers (Realtek(R) Audio)
[17:13:20] [Render thread/INFO]: Sound engine started
[17:13:20] [Render thread/INFO]: Created: 512x256x0 minecraft:textures/atlas/particles.png-atlas
[17:13:20] [Render thread/INFO]: Created: 128x128x0 minecraft:textures/atlas/decorated_pot.png-atlas
[17:13:20] [Render thread/INFO]: Created: 2048x1024x0 minecraft:textures/atlas/armor_trims.png-atlas
[17:13:20] [Render thread/INFO]: Created: 512x256x0 minecraft:textures/atlas/paintings.png-atlas
[17:13:20] [Render thread/INFO]: Created: 1024x512x0 minecraft:textures/atlas/shield_patterns.png-atlas
[17:13:20] [Render thread/INFO]: Created: 2048x2048x4 minecraft:textures/atlas/blocks.png-atlas
[17:13:20] [Render thread/INFO]: Created: 512x512x0 minecraft:textures/atlas/chest.png-atlas
[17:13:20] [Render thread/INFO]: Created: 256x128x0 minecraft:textures/atlas/celestials.png-atlas
[17:13:20] [Render thread/INFO]: Created: 1024x512x0 minecraft:textures/atlas/banner_patterns.png-atlas
[17:13:20] [Render thread/INFO]: Created: 512x512x0 minecraft:textures/atlas/beds.png-atlas
[17:13:20] [Render thread/INFO]: Created: 1024x512x0 minecraft:textures/atlas/items.png-atlas
[17:13:20] [Render thread/INFO]: Created: 1024x1024x0 minecraft:textures/atlas/gui.png-atlas
[17:13:21] [Render thread/INFO]: Created: 128x64x0 minecraft:textures/atlas/map_decorations.png-atlas
[17:13:21] [Render thread/INFO]: Created: 512x256x0 minecraft:textures/atlas/signs.png-atlas
[17:13:21] [Render thread/INFO]: Created: 512x512x0 minecraft:textures/atlas/shulker_boxes.png-atlas
[17:13:21] [IO-Worker-1/INFO]: Could not authorize you against Realms server: javax.ws.rs.BadRequestException: Invalid session
[17:13:21] [IO-Worker-1/ERROR]: Couldn't connect to realms
com.mojang.realmsclient.exception.RealmsServiceException: Realms authentication error with message 'javax.ws.rs.BadRequestException: Invalid session'
	at knot//com.mojang.realmsclient.client.RealmsClient.execute(RealmsClient.java:526)
	at knot//com.mojang.realmsclient.client.RealmsClient.clientCompatible(RealmsClient.java:307)
	at knot//com.mojang.realmsclient.RealmsAvailability.lambda$check$0(RealmsAvailability.java:48)
	at java.base/java.util.concurrent.CompletableFuture$AsyncSupply.run(CompletableFuture.java:1789)
	at java.base/java.util.concurrent.ThreadPoolExecutor.runWorker(ThreadPoolExecutor.java:1090)
	at java.base/java.util.concurrent.ThreadPoolExecutor$Worker.run(ThreadPoolExecutor.java:614)
	at java.base/java.lang.Thread.run(Thread.java:1474)
[17:13:26] [Render thread/INFO]: Loaded 1515 recipes
[17:13:26] [Render thread/INFO]: Loaded 1617 advancements
[17:13:26] [Server thread/INFO]: Starting integrated minecraft server version 26.1.2
[17:13:26] [Server thread/INFO]: Generating keypair
[17:13:26] [Server thread/INFO]: Loading 0 persistent chunks...
[17:13:26] [Server thread/INFO]: Preparing spawn area: 16%
[17:13:26] [Server thread/INFO]: Saving chunks for level 'ServerLevel[New World]'/minecraft:overworld
[17:13:26] [Server thread/INFO]: Saving chunks for level 'ServerLevel[New World]'/minecraft:the_nether
[17:13:26] [Server thread/INFO]: Saving chunks for level 'ServerLevel[New World]'/minecraft:the_end
[17:13:26] [Server thread/INFO]: ThreadedAnvilChunkStorage (world): All chunks are saved
[17:13:26] [Server thread/INFO]: ThreadedAnvilChunkStorage (DIM-1): All chunks are saved
[17:13:26] [Server thread/INFO]: ThreadedAnvilChunkStorage (DIM1): All chunks are saved
[17:13:26] [Server thread/INFO]: ThreadedAnvilChunkStorage: All dimensions are saved
[17:13:27] [Server thread/INFO]: Loading 49 chunks for player spawn...
[17:13:27] [Server thread/INFO]: Preparing spawn area: 16%
[17:13:27] [Server thread/INFO]: Time elapsed: 824 ms
[17:13:27] [Server thread/INFO]: con[local:E:03381095] logged in with entity id 82 at (-29.996819344645786, -38.0, -41.17685085312017)
[17:13:27] [Server thread/INFO]: con joined the game
[17:13:27] [Server thread/INFO]: Changing view distance to 16, from 10
[17:13:27] [Server thread/INFO]: Changing simulation distance to 12, from 0
[17:13:27] [Render thread/INFO]: Loaded 2 advancements
[17:13:27] [Render thread/INFO]: Resizing Dynamic Transforms UBO, capacity limit of 2 reached during a single frame. New capacity will be 4.
[17:13:27] [Render thread/INFO]: Resizing Dynamic Transforms UBO, capacity limit of 4 reached during a single frame. New capacity will be 8.
[17:13:27] [Render thread/INFO]: Resizing Chunk Sections UBO, capacity limit of 2 reached during a single frame. New capacity will be 8.
[17:13:27] [Render thread/INFO]: Resizing Chunk Sections UBO, capacity limit of 8 reached during a single frame. New capacity will be 16.
[17:13:27] [Render thread/INFO]: Resizing Chunk Sections UBO, capacity limit of 16 reached during a single frame. New capacity will be 32.
[17:13:28] [Render thread/INFO]: Resizing Chunk Sections UBO, capacity limit of 32 reached during a single frame. New capacity will be 64.
[17:13:28] [Render thread/INFO]: Resizing Chunk Sections UBO, capacity limit of 64 reached during a single frame. New capacity will be 128.
[17:13:28] [Render thread/INFO]: Resizing Chunk Sections UBO, capacity limit of 128 reached during a single frame. New capacity will be 256.
[17:13:29] [Render thread/INFO]: Resizing Chunk Sections UBO, capacity limit of 256 reached during a single frame. New capacity will be 512.
[17:13:30] [Render thread/INFO]: Resizing Chunk Sections UBO, capacity limit of 512 reached during a single frame. New capacity will be 1024.
[17:13:35] [Server thread/INFO]: [Not Secure] <con> yooooooooooooo
[17:13:35] [Render thread/INFO]: [CHAT] <con> yooooooooooooo
[17:13:40] [Server thread/INFO]: Saving and pausing game...
[17:13:40] [Server thread/INFO]: Saving chunks for level 'ServerLevel[New World]'/minecraft:overworld
[17:13:40] [Server thread/INFO]: Saving chunks for level 'ServerLevel[New World]'/minecraft:the_nether
[17:13:40] [Server thread/INFO]: Saving chunks for level 'ServerLevel[New World]'/minecraft:the_end
[17:14:01] [Server thread/INFO]: Saving and pausing game...
[17:14:01] [Server thread/INFO]: Saving chunks for level 'ServerLevel[New World]'/minecraft:overworld
[17:14:01] [Server thread/INFO]: Saving chunks for level 'ServerLevel[New World]'/minecraft:the_nether
[17:14:01] [Server thread/INFO]: Saving chunks for level 'ServerLevel[New World]'/minecraft:the_end
[17:14:12] [Render thread/INFO]: Resizing Chunk Sections UBO, capacity limit of 1024 reached during a single frame. New capacity will be 2048.
[17:14:38] [Server thread/INFO]: [con: Applied effect Night Vision to con]
[17:14:38] [Render thread/INFO]: [System] [CHAT] Applied effect Night Vision to con
[17:15:13] [Server thread/INFO]: Saving and pausing game...
[17:15:13] [Server thread/INFO]: Saving chunks for level 'ServerLevel[New World]'/minecraft:overworld
[17:15:13] [Server thread/INFO]: Saving chunks for level 'ServerLevel[New World]'/minecraft:the_nether
[17:15:13] [Server thread/INFO]: Saving chunks for level 'ServerLevel[New World]'/minecraft:the_end
[17:15:24] [Server thread/INFO]: Saving and pausing game...
[17:15:24] [Server thread/INFO]: Saving chunks for level 'ServerLevel[New World]'/minecraft:overworld
[17:15:24] [Server thread/INFO]: Saving chunks for level 'ServerLevel[New World]'/minecraft:the_nether
[17:15:24] [Server thread/INFO]: Saving chunks for level 'ServerLevel[New World]'/minecraft:the_end
[17:15:25] [Render thread/INFO]: Stopping!
[17:15:25] [Server thread/INFO]: Stopping server
[17:15:25] [Server thread/INFO]: Saving players
[17:15:25] [Server thread/INFO]: con lost connection: Disconnected
[17:15:25] [Server thread/INFO]: con left the game
[17:15:25] [Server thread/INFO]: Stopping singleplayer server as player logged out
[17:15:25] [Server thread/INFO]: Saving worlds
[17:15:25] [Server thread/INFO]: Saving chunks for level 'ServerLevel[New World]'/minecraft:overworld
[17:15:26] [Server thread/INFO]: Saving chunks for level 'ServerLevel[New World]'/minecraft:the_nether
[17:15:26] [Server thread/INFO]: Saving chunks for level 'ServerLevel[New World]'/minecraft:the_end
[17:15:26] [Server thread/INFO]: ThreadedAnvilChunkStorage (world): All chunks are saved
[17:15:26] [Server thread/INFO]: ThreadedAnvilChunkStorage (DIM-1): All chunks are saved
[17:15:26] [Server thread/INFO]: ThreadedAnvilChunkStorage (DIM1): All chunks are saved
[17:15:26] [Server thread/INFO]: ThreadedAnvilChunkStorage: All dimensions are saved
